NULL
NULL
string(20) "john.doe@example.com"
NULL
string(20) "john.doe@example.com"
string(8) "password"
NULL
NULL
NULL
NULL
string(20) "john.doe@example.com"
string(8) "password"
string(20) "john.doe@example.com"
string(8) "password"
string(20) "john.doe@example.com"
string(8) "password"
NULL
NULL
NULL
NULL
NULL
NULL
NULL
NULL
NULL
NULL
NULL
NULL
NULL
NULL
NULL
NULL
NULL
NULL
NULL
NULL
NULL
NULL
NULL
NULL
NULL
NULL
NULL
NULL
NULL
NULL
NULL
NULL
NULL
NULL
NULL
NULL
NULL
NULL
NULL
NULL
NULL
NULL
NULL
NULL
NULL
NULL
NULL
NULL
NULL
NULL
string(20) "john.doe@example.com"
string(8) "password"
NULL
NULL
string(20) "john.doe@example.com"
string(8) "password"
NULL
NULL
NULL
NULL
NULL
NULL
NULL
NULL
string(20) "john.doe@example.com"
string(8) "password"
string(20) "john.doe@example.com"
NULL
string(20) "john.doe@example.com"
string(8) "password"
string(20) "john.doe@example.com"
string(8) "password"
string(0) ""
string(0) ""
string(0) ""
string(0) ""
string(0) ""
string(0) ""
string(20) "john.doe@example.com"
string(8) "password"
string(20) "john.doe@example.com"
string(132) "Welcome to Gboard clipboard, any text you copy will be saved here.Welcome to Gboard clipboard, any text you copy will be saved here."
string(20) "john.doe@example.com"
string(132) "Welcome to Gboard clipboard, any text you copy will be saved here.Welcome to Gboard clipboard, any text you copy will be saved here."
string(20) "john.doe@example.com"
string(8) "Password"
string(20) "john.doe@example.com"
string(8) "password"
string(20) "john.doe@example.com"
string(8) "password"
string(20) "john.doe@example.com"
string(8) "password"
string(20) "john.doe@example.com"
string(8) "password"
string(20) "john.doe@example.com"
string(8) "password"
string(20) "john.doe@example.com"
string(8) "password"
string(20) "john.doe@example.com"
string(8) "password"
string(20) "john.doe@example.com"
string(8) "password"
string(20) "john.doe@example.com"
string(7) "passwor"
string(20) "john.doe@example.com"
string(7) "passwor"
string(20) "john.doe@example.com"
string(7) "passwor"
string(20) "john.doe@example.com"
string(7) "passwor"
string(20) "john.doe@example.com"
string(7) "passwor"
string(20) "john.doe@example.com"
string(7) "passwor"
string(20) "john.doe@example.com"
string(7) "passwor"
string(20) "john.doe@example.com"
string(7) "passwor"
string(20) "john.doe@example.com"
string(7) "passwor"
string(20) "john.doe@example.com"
string(8) "password"
string(20) "john.doe@example.com"
string(8) "password"
string(20) "john.doe@example.com"
string(8) "password"
NULL
NULL
NULL
NULL
string(20) "john.doe@example.com"
string(8) "password"
string(20) "john.doe@example.com"
string(8) "password"
string(20) "john.doe@example.com"
string(8) "password"
string(20) "john.doe@example.com"
string(8) "password"
string(20) "john.doe@example.com"
string(8) "password"
string(20) "john.doe@example.com"
string(8) "password"
string(20) "john.doe@example.com"
string(14) "sgha BB ysbaba"
string(20) "john.doe@example.com"
string(8) "password"
string(20) "john.doe@example.com"
string(6) "passwo"
string(20) "john.doe@example.com"
string(6) "passwo"
string(20) "john.doe@example.com"
string(8) "passwoah"
string(14) "iwbins+4@pm.me"
string(8) "password"
string(20) "john.doe@example.com"
string(8) "password"
string(20) "john.doe@example.com"
string(8) "password"
string(20) "john.doe@example.com"
string(8) "password"
string(20) "john.doe@example.com"
string(8) "password"
string(20) "john.doe@example.com"
string(8) "password"
string(20) "john.doe@example.com"
string(8) "password"
string(20) "john.doe@example.com"
string(8) "password"
string(20) "john.doe@example.com"
string(8) "password"
string(20) "john.doe@example.com"
string(8) "password"
string(20) "john.doe@example.com"
string(8) "password"
string(20) "john.doe@example.com"
string(8) "password"
string(20) "john.doe@example.com"
string(8) "password"
string(20) "john.doe@example.com"
string(8) "password"
string(20) "john.doe@example.com"
string(8) "password"
string(20) "john.doe@example.com"
string(8) "password"
string(20) "john.doe@example.com"
string(8) "password"
string(20) "john.doe@example.com"
string(8) "password"
string(20) "john.doe@example.com"
string(8) "password"
string(20) "john.doe@example.com"
string(8) "password"
string(20) "john.doe@example.com"
string(8) "password"
string(20) "john.doe@example.com"
string(8) "password"
string(20) "john.doe@example.com"
string(8) "password"
string(20) "john.doe@example.com"
string(8) "password"
string(21) "saadlatif75@gmail.com"
string(5) "gagag"
string(14) "saad@gmail.com"
string(4) "1234"
string(14) "saad@gmail.com"
string(5) "12345"
string(14) "saad@gmail.com"
string(5) "12345"
string(14) "saad@gmail.com"
string(5) "12345"
string(14) "saad@gmail.com"
string(5) "12345"
string(14) "saad@gmail.com"
string(4) "1234"
string(14) "saad@gmail.com"
string(5) "12345"
NULL
NULL
NULL
NULL
string(15) "saadn@gmail.com"
string(5) "12345"
string(14) "saad@gmail.com"
string(5) "12345"
string(20) "john.doe@example.com"
string(8) "password"
string(14) "saad@gmail.com"
string(5) "12345"
string(14) "saad@gmail.com"
string(5) "12345"
NULL
NULL
string(14) "saad@gmail.com"
string(5) "12345"
string(20) "john.doe@example.com"
string(8) "password"
string(20) "john.doe@example.com"
string(8) "password"
string(20) "john.doe@example.com"
string(8) "password"
string(20) "john.doe@example.com"
string(8) "password"
string(20) "john.doe@example.com"
string(8) "password"
string(26) "agent.vlooger420@gmail.com"
string(8) "12345667"
string(14) "saad@gmail.com"
string(6) "123456"
string(14) "saad@gmail.com"
string(5) "12345"
string(14) "saad@gmail.com"
string(6) "123456"
string(14) "saad@gmail.com"
string(7) "123456i"
string(14) "iwbnis+1@pm.me"
string(8) "password"
string(13) "iwbnis+@pm.me"
string(8) "password"
string(14) "iwbnis+2@pm.me"
string(8) "password"
string(20) "john.doe@example.com"
string(5) "12345"
string(20) "john.doe@example.com"
string(8) "password"
string(21) "saadlatif75@gmail.com"
string(6) "agagag"
string(20) "john.doe@example.com"
string(8) "password"
string(20) "john.doe@example.com"
string(8) "password"
string(14) "saad@gmail.com"
string(6) "123456"
NULL
NULL
NULL
NULL
NULL
NULL
NULL
NULL
array(1) {
  [0]=>
  string(5) "email"
}
array(1) {
  [0]=>
  string(9) "password2"
}
array(1) {
  [0]=>
  string(5) "email"
}
array(1) {
  [0]=>
  string(9) "password2"
}
NULL
NULL
NULL
NULL
NULL
NULL
NULL
NULL
NULL
NULL
string(14) "saad@gmail.com"
string(4) "Nabj"
string(14) "saad@gmail.com"
string(5) "12345"
string(20) "john.doe@example.com"
string(8) "password"
NULL
NULL
NULL
NULL
NULL
NULL
NULL
NULL
NULL
NULL
NULL
NULL
string(20) "john.doe@example.com"
string(8) "password"
string(14) "saad@gmail.com"
string(8) "password"
string(14) "saad@gmail.com"
string(5) "12345"
string(14) "saad@gmail.com"
string(6) "123456"
string(20) "john.doe@example.com"
string(8) "password"
string(20) "john.doe@example.com"
string(8) "password"
NULL
NULL
string(20) "john.doe@example.com"
string(8) "password"
NULL
NULL
NULL
NULL
NULL
NULL
NULL
NULL
NULL
NULL
NULL
NULL
NULL
NULL
NULL
NULL
NULL
NULL
NULL
NULL
NULL
NULL
NULL
NULL
string(20) "john.doe@example.com"
string(8) "password"
string(14) "iwbnis+1@pm.me"
string(8) "password"
